<?xml version="1.0" encoding="utf-8"?><testsuite errors="0" failures="0" name="pytest" skips="0" tests="5" time="0.080"><testcase classname="" name="test-requirements.txt" time="0.0102601051331"/><testcase classname="tests.unit.test_baserequest" name="test_base_class_can_use_methods" time="0.0396418571472"/><testcase classname="tests.unit.test_baserequest" name="test_base_class_can_use_post" time="0.000494956970215"/><testcase classname="tests.unit.test_baserequest" name="test_base_class_can_use_delete" time="0.000427007675171"/><testcase classname="tests.unit.test_baserequest" name="test_base_class_can_use_put" time="0.000521183013916"/></testsuite>